<?xml version="1.0" encoding="UTF-8"?>
<!-- Generated by org.testng.reporters.JUnitReportReporter -->
<testsuite skipped="0" hostname="LAPTOP-FEH6GICC" name="com.store.qa.testcases.HomePageTest" tests="1" failures="0" timestamp="06 Oct 2019 09:55:03 GMT" time="18.619" errors="0">
  <testcase name="verifyAccountCreationTest" time="18.619" classname="com.store.qa.testcases.HomePageTest"/>
</testsuite> <!-- com.store.qa.testcases.HomePageTest -->
